<?xml version="1.0" encoding="UTF-8"?>
<!-- Generated by org.testng.reporters.JUnitXMLReporter -->
<testsuite ignored="0" hostname="sameera-HP-Pavilion-g6-Notebook-PC" failures="0" tests="4" name="Default test" time="9.588" errors="0" timestamp="19 Aug 2024 11:11:28 GMT">
  <testcase classname="api.test.UserTests" name="testPostUser" time="3.654"/>
  <testcase classname="api.test.UserTests" name="testGetDataByUserName" time="1.366"/>
  <testcase classname="api.test.UserTests" name="testUpdateUserByUserName" time="2.651"/>
  <testcase classname="api.test.UserTests" name="testDeleteUserByUserName" time="1.527"/>
</testsuite> <!-- Default test -->
