<?xml version="1.0" encoding="UTF-8"?>
<!-- Generated by org.testng.reporters.JUnitXMLReporter -->
<testsuite ignored="0" hostname="sameera-HP-Pavilion-g6-Notebook-PC" failures="0" tests="4" name="Test" time="10.68" errors="0" timestamp="19 Aug 2024 13:40:48 GMT">
  <testcase classname="api.test.UserTests2" name="testPostUser" time="4.399"/>
  <testcase classname="api.test.UserTests2" name="testGetDataByUserName" time="1.386"/>
  <testcase classname="api.test.UserTests2" name="testUpdateUserByUserName" time="3.12"/>
  <testcase classname="api.test.UserTests2" name="testDeleteUserByUserName" time="1.372"/>
</testsuite> <!-- Test -->
