<?xml version="1.0" encoding="UTF-8"?>
<testsuite xmlns:xsi="http://www.w3.org/2001/XMLSchema-instance" xsi:noNamespaceSchemaLocation="https://maven.apache.org/surefire/maven-surefire-plugin/xsd/surefire-test-report-3.0.xsd" version="3.0" name="TestSuite" time="13.539" tests="4" errors="0" skipped="0" failures="0">
  <properties>
[...]
</properties>
  <testcase name="testPostUser" classname="api.test.UserTests2" time="5.287">
    <system-out><![CDATA[[TestNGContentHandler] [WARN] It is strongly recommended to add "<!DOCTYPE suite SYSTEM "http://testng.org/testng-1.0.dtd" >" at the top of your file, otherwise TestNG may fail or not work as expected.
HTTP/1.1 200 OK
Date: Mon, 19 Aug 2024 16:33:28 GMT
Content-Type: application/json
Transfer-Encoding: chunked
Connection: keep-alive
Access-Control-Allow-Origin: *
Access-Control-Allow-Methods: GET, POST, DELETE, PUT
Access-Control-Allow-Headers: Content-Type, api_key, Authorization
Server: Jetty(9.2.9.v20150224)

{
    "code": 200,
    "type": "unknown",
    "message": "2130357594"
}
]]></system-out>
  </testcase>
  <testcase name="testGetDataByUserName" classname="api.test.UserTests2" time="1.641">
    <system-out><![CDATA[HTTP/1.1 200 OK
Date: Mon, 19 Aug 2024 16:33:30 GMT
Content-Type: application/json
Transfer-Encoding: chunked
Connection: keep-alive
Access-Control-Allow-Origin: *
Access-Control-Allow-Methods: GET, POST, DELETE, PUT
Access-Control-Allow-Headers: Content-Type, api_key, Authorization
Server: Jetty(9.2.9.v20150224)

{
    "id": 2130357594,
    "username": "franklyn.bauch",
    "firstName": "Gertrud",
    "lastName": "elane.champlin@yahoo.com",
    "password": "yjoprunxf",
    "phone": "709.851.4161",
    "userStatus": 0
}
]]></system-out>
  </testcase>
  <testcase name="testUpdateUserByUserName" classname="api.test.UserTests2" time="3.056">
    <system-out><![CDATA[HTTP/1.1 200 OK
Date: Mon, 19 Aug 2024 16:33:31 GMT
Content-Type: application/json
Transfer-Encoding: chunked
Connection: keep-alive
Access-Control-Allow-Origin: *
Access-Control-Allow-Methods: GET, POST, DELETE, PUT
Access-Control-Allow-Headers: Content-Type, api_key, Authorization
Server: Jetty(9.2.9.v20150224)

{
    "code": 200,
    "type": "unknown",
    "message": "2130357594"
}
]]></system-out>
  </testcase>
  <testcase name="testDeleteUserByUserName" classname="api.test.UserTests2" time="1.527"/>
</testsuite>